2018-09-04 11:09:04,715 - root - INFO - ############################### START ###############################
2018-09-04 11:09:07,484 - root - INFO - SUCCESS    Start a new browser: chrome, Spend 2.6679999828338623 seconds
2018-09-04 11:09:08,601 - root - INFO - SUCCESS    Set browser window maximized, Spend 1.1159999370574951 seconds
2018-09-04 11:09:11,078 - root - INFO - SUCCESS    Navigated to http://t.itaojin.cn, Spend 2.4609999656677246 seconds
2018-09-04 11:09:12,207 - root - INFO - SUCCESS    Clicked element: <class->login-btn>, Spend 1.128999948501587 seconds
2018-09-04 11:09:12,303 - root - INFO - SUCCESS    Clicked element: <class->register-status>, Spend 0.09500002861022949 seconds
2018-09-04 11:09:12,392 - root - INFO - SUCCESS    Clear and type element: <class->phone> content: 1398089145011, Spend 0.08700013160705566 seconds
2018-09-04 11:09:12,458 - root - INFO - SUCCESS    Clear and type element: <class->password> content: 123456, Spend 0.06600022315979004 seconds
2018-09-04 11:09:12,515 - root - INFO - SUCCESS    Clicked element: <css->#customer-login > div > div > form > dl.btn > dd > input>, Spend 0.0559999942779541 seconds
2018-09-04 11:09:17,533 - root - INFO - SUCCESS    Get current window title, Spend 0.018000125885009766 seconds
2018-09-04 11:09:17,597 - root - INFO - SUCCESS    Get attribute element: <css->body > div.modal.fade.in > div > div > div.modal-body > form > div.btn-box > input>,attribute: value, Spend 0.04999995231628418 seconds
2018-09-04 11:09:18,633 - root - INFO - SUCCESS    Get attribute element: <css->body > div.modal.fade.in > div > div > div.modal-body > form > div.btn-box > input>,attribute: value, Spend 0.034999847412109375 seconds
2018-09-04 11:09:19,670 - root - INFO - SUCCESS    Get attribute element: <css->body > div.modal.fade.in > div > div > div.modal-body > form > div.btn-box > input>,attribute: value, Spend 0.03500008583068848 seconds
2018-09-04 11:09:20,707 - root - INFO - SUCCESS    Get attribute element: <css->body > div.modal.fade.in > div > div > div.modal-body > form > div.btn-box > input>,attribute: value, Spend 0.03500008583068848 seconds
2018-09-04 11:09:21,743 - root - INFO - SUCCESS    Get attribute element: <css->body > div.modal.fade.in > div > div > div.modal-body > form > div.btn-box > input>,attribute: value, Spend 0.03400015830993652 seconds
2018-09-04 11:09:22,779 - root - INFO - SUCCESS    Get attribute element: <css->body > div.modal.fade.in > div > div > div.modal-body > form > div.btn-box > input>,attribute: value, Spend 0.03500008583068848 seconds
2018-09-04 11:09:23,818 - root - INFO - SUCCESS    Get attribute element: <css->body > div.modal.fade.in > div > div > div.modal-body > form > div.btn-box > input>,attribute: value, Spend 0.03600001335144043 seconds
2018-09-04 11:09:24,856 - root - INFO - SUCCESS    Get attribute element: <css->body > div.modal.fade.in > div > div > div.modal-body > form > div.btn-box > input>,attribute: value, Spend 0.03600001335144043 seconds
2018-09-04 11:09:25,892 - root - INFO - SUCCESS    Get attribute element: <css->body > div.modal.fade.in > div > div > div.modal-body > form > div.btn-box > input>,attribute: value, Spend 0.03399991989135742 seconds
2018-09-04 11:09:26,928 - root - INFO - SUCCESS    Get attribute element: <css->body > div.modal.fade.in > div > div > div.modal-body > form > div.btn-box > input>,attribute: value, Spend 0.03399991989135742 seconds
2018-09-04 11:09:28,102 - root - INFO - SUCCESS    Clicked element: <css->body > div.modal.fade.in > div > div > div.modal-body > form > div.btn-box > input>, Spend 0.17199993133544922 seconds
2018-09-04 11:09:33,229 - root - INFO - SUCCESS    Click element: <class->icon-icon-test> open a new window and swich into, Spend 0.08500003814697266 seconds
2018-09-04 11:09:34,246 - root - INFO - SUCCESS    Get current window title, Spend 1.0169999599456787 seconds
2018-09-04 11:09:34,296 - root - INFO - SUCCESS    Get element text element: <css->.call>.switch>, Spend 0.03399991989135742 seconds
2018-09-04 11:09:34,330 - root - INFO - SUCCESS    Get element text element: <css->.balance>, Spend 0.032000064849853516 seconds
2018-09-04 11:09:34,358 - root - INFO - SUCCESS    Get element text element: <css->.choose-label>, Spend 0.0279998779296875 seconds
2018-09-04 11:09:34,383 - root - INFO - SUCCESS    Get element text element: <css->.call > .switch > ul > li.on>, Spend 0.02500009536743164 seconds
2018-09-04 11:09:34,411 - root - INFO - SUCCESS    Get element text element: <css->.call > .switch > ul > li.off>, Spend 0.0279998779296875 seconds
2018-09-04 11:09:34,445 - root - INFO - SUCCESS    Get element text element: <css->div.pull-left.callout-data > .data-content> .fieldset> dl:nth-child(1) > dd:nth-child(2)>, Spend 0.03300023078918457 seconds
2018-09-04 11:09:34,487 - root - INFO - SUCCESS    Get element text element: <css->section > dl:nth-child(2) > dd:nth-child(4)>, Spend 0.0409998893737793 seconds
2018-09-04 11:09:34,519 - root - INFO - SUCCESS    Get element text element: <css->section > dl:nth-child(1) > dd:nth-child(4)>, Spend 0.031000137329101562 seconds
2018-09-04 11:09:34,556 - root - INFO - SUCCESS    Get element text element: <css->div.pull-left.callout-data > div > section > dl:nth-child(2) > dd.c-green>, Spend 0.03699994087219238 seconds
2018-09-04 11:09:34,587 - root - INFO - SUCCESS    Get element text element: <css->div.pull-left.callout-data > .data-content> .fieldset> dl:nth-child(3) > dd:nth-child(2)>, Spend 0.029999971389770508 seconds
2018-09-04 11:09:34,616 - root - INFO - SUCCESS    Get element text element: <css->div.pull-left.callout-data > .data-content> .fieldset> dl:nth-child(3) > dd:nth-child(4)>, Spend 0.0279998779296875 seconds
2018-09-04 11:09:34,646 - root - INFO - SUCCESS    Get element text element: <css->div.pull-left.call-data > .data-content> .fieldset > dl:nth-child(1) >dd>, Spend 0.029000282287597656 seconds
2018-09-04 11:09:34,678 - root - INFO - SUCCESS    Get element text element: <css->div.pull-left.call-data > .data-content> .fieldset > dl:nth-child(2) >dd>, Spend 0.032000064849853516 seconds
2018-09-04 11:09:34,711 - root - INFO - SUCCESS    Get element text element: <css->div.pull-left.call-data > .data-content> .fieldset > dl:nth-child(3) >dd>, Spend 0.031999826431274414 seconds
2018-09-04 11:09:34,745 - root - INFO - SUCCESS    Get element text element: <css-> div.pull-left.call-data > .data-content> .fieldset > dl:nth-child(4) >dd>, Spend 0.03300023078918457 seconds
2018-09-04 11:09:39,919 - root - INFO - SUCCESS    Clicked element: <css->.icon-call>, Spend 0.15700006484985352 seconds
2018-09-04 11:09:45,006 - root - INFO - SUCCESS    Get element text element: <css->.icon-call>, Spend 0.08599996566772461 seconds
2018-09-04 11:09:45,099 - root - INFO - SUCCESS    Get element text element: <css->.tabs> li:nth-child(1)>, Spend 0.09100008010864258 seconds
2018-09-04 11:09:45,190 - root - INFO - SUCCESS    Get element text element: <css->.tabs> li:nth-child(2)>, Spend 0.09000015258789062 seconds
2018-09-04 11:09:45,243 - root - INFO - SUCCESS    Get element text element: <css->.tabs> li:nth-child(3)>, Spend 0.051000118255615234 seconds
2018-09-04 11:09:47,331 - root - INFO - SUCCESS    Closed all window and quit the driver, Spend 2.0860002040863037 seconds
2018-09-04 11:09:47,332 - root - INFO - ###############################  End  ###############################
